[36;1mbody-parser[22;39m [33;1mdeprecated[22;39m [0mundefined extended: provide extended option[39m [36mapp.js:39:17[39m
Serving on port 8080
[36;1mbody-parser[22;39m [33;1mdeprecated[22;39m [0mundefined extended: provide extended option[39m [36mapp.js:39:17[39m
Serving on port 8080
[36;1mbody-parser[22;39m [33;1mdeprecated[22;39m [0mundefined extended: provide extended option[39m [36mapp.js:39:17[39m
Serving on port 8080
[36;1mbody-parser[22;39m [33;1mdeprecated[22;39m [0mundefined extended: provide extended option[39m [36mapp.js:39:17[39m
Serving on port 8080
[36;1mbody-parser[22;39m [33;1mdeprecated[22;39m [0mundefined extended: provide extended option[39m [36mapp.js:39:17[39m
Serving on port 8080
authorization undefined
{
  admin_id: [33m1[39m,
  username: [32m'kranidi1dimotiko'[39m,
  pass: [32m'$2a$12$lOz1Jth0DaCBtVztFpvZ8eBE6X0mxCj6qL1fCbOgXEmsu7/1uW8Ma'[39m,
  email: [32m'mai@1dim-kranid.arg.sch.gr'[39m
}
[36;1mbody-parser[22;39m [33;1mdeprecated[22;39m [0mundefined extended: provide extended option[39m [36mapp.js:39:17[39m
Serving on port 8080
[36;1mbody-parser[22;39m [33;1mdeprecated[22;39m [0mundefined extended: provide extended option[39m [36mapp.js:39:17[39m
Serving on port 8080
[36;1mbody-parser[22;39m [33;1mdeprecated[22;39m [0mundefined extended: provide extended option[39m [36mapp.js:39:17[39m
Serving on port 8080
